<?xml version="1.0" encoding="UTF-8"?>
<!-- Generated by org.testng.reporters.JUnitReportReporter -->
<testsuite hostname="ARJUNS" name="com.dynamicUsgbc.testcases.Store" tests="1" failures="0" timestamp="22 May 2018 21:23:08 GMT" time="67.488" errors="0">
  <testcase name="StoreFlow" time="67.488" classname="com.dynamicUsgbc.testcases.Store"/>
</testsuite> <!-- com.dynamicUsgbc.testcases.Store -->
