<?xml version="1.0" encoding="UTF-8"?>
<!-- Generated by org.testng.reporters.JUnitReportReporter -->
<testsuite hostname="G10GNLT049" name="com.dynamicUsgbc.testcases.MembershipContactErrorVerifyTest" tests="1" failures="0" timestamp="2 Feb 2018 11:36:42 GMT" time="18.825" errors="0">
  <testcase name="MembershipSignUpPageErrorVerify" time="18.825" classname="com.dynamicUsgbc.testcases.MembershipContactErrorVerifyTest"/>
</testsuite> <!-- com.dynamicUsgbc.testcases.MembershipContactErrorVerifyTest -->
