<?xml version="1.0" encoding="UTF-8"?>
<!-- Generated by org.testng.reporters.JUnitReportReporter -->
<testsuite hostname="G10GNLT049" name="com.usgbc.testcases.LandingPage.USGBCHeaderLinkEducationTest" tests="1" failures="0" timestamp="18 Dec 2017 17:42:37 GMT" time="20.253" errors="0">
  <testcase name="USGBCHeaderLinkEducation" time="20.253" classname="com.usgbc.testcases.LandingPage.USGBCHeaderLinkEducationTest"/>
</testsuite> <!-- com.usgbc.testcases.LandingPage.USGBCHeaderLinkEducationTest -->
