<?xml version="1.0" encoding="UTF-8"?>
<!-- Generated by org.testng.reporters.JUnitReportReporter -->
<testsuite hostname="G10GNLT049" name="com.dynamicUsgbc.testcases.CommunityRegLoggedInUserFlowTest" tests="1" failures="0" timestamp="2 Feb 2018 11:36:42 GMT" time="41.634" errors="0">
  <testcase name="CommunityRegLoggedInUserFlow" time="41.634" classname="com.dynamicUsgbc.testcases.CommunityRegLoggedInUserFlowTest"/>
</testsuite> <!-- com.dynamicUsgbc.testcases.CommunityRegLoggedInUserFlowTest -->
