<?xml version="1.0" encoding="UTF-8"?>
<!-- Generated by org.testng.reporters.JUnitReportReporter -->
<testsuite hostname="G10GNLT049" name="com.dynamicUsgbc.testcases.DonationOnlineUsgbcTest" tests="1" failures="0" timestamp="7 Feb 2018 04:57:34 GMT" time="25.718" errors="0">
  <testcase name="DonationOnlineUsgbc" time="25.718" classname="com.dynamicUsgbc.testcases.DonationOnlineUsgbcTest"/>
</testsuite> <!-- com.dynamicUsgbc.testcases.DonationOnlineUsgbcTest -->
