<?xml version="1.0" encoding="UTF-8"?>
<!-- Generated by org.testng.reporters.JUnitReportReporter -->
<testsuite hostname="G10GNLT049" name="com.dynamicUsgbc.testcases.CommunityRegPaymentPageErrorVerifyTest" tests="1" failures="0" timestamp="2 Feb 2018 11:36:42 GMT" time="36.310" errors="0">
  <testcase name="CommunityRegPaymentPageErrorVerify" time="36.310" classname="com.dynamicUsgbc.testcases.CommunityRegPaymentPageErrorVerifyTest"/>
</testsuite> <!-- com.dynamicUsgbc.testcases.CommunityRegPaymentPageErrorVerifyTest -->
