<?xml version="1.0" encoding="UTF-8"?>
<!-- Generated by org.testng.reporters.JUnitReportReporter -->
<testsuite hostname="G10GNLT049" name="com.dynamicUsgbc.testcases.ProductAdminPaymentPageErrorVerifyTest" tests="1" failures="0" timestamp="2 Feb 2018 11:36:42 GMT" time="40.213" errors="0">
  <testcase name="ProductAdminPaymentPageErrorVerify" time="40.213" classname="com.dynamicUsgbc.testcases.ProductAdminPaymentPageErrorVerifyTest"/>
</testsuite> <!-- com.dynamicUsgbc.testcases.ProductAdminPaymentPageErrorVerifyTest -->
