<?xml version="1.0" encoding="UTF-8"?>
<!-- Generated by org.testng.reporters.JUnitReportReporter -->
<testsuite hostname="G10GNLT049" name="com.dynamicUsgbc.testcases.DonationFieldVerificationTest" tests="1" failures="0" timestamp="19 Jan 2018 05:21:31 GMT" time="7.869" errors="0">
  <testcase name="FieldVerificationDonationOnlineCfgs" time="7.869" classname="com.dynamicUsgbc.testcases.DonationFieldVerificationTest"/>
</testsuite> <!-- com.dynamicUsgbc.testcases.DonationFieldVerificationTest -->
