<?xml version="1.0" encoding="UTF-8"?>
<!-- Generated by org.testng.reporters.JUnitReportReporter -->
<testsuite hostname="ARJUNS" name="com.dynamicUsgbc.testcases.MembershipEditVerify" tests="1" failures="0" timestamp="23 May 2018 15:33:29 GMT" time="63.173" errors="0">
  <testcase name="MembershipRegistrationFlow" time="63.173" classname="com.dynamicUsgbc.testcases.MembershipEditVerify"/>
</testsuite> <!-- com.dynamicUsgbc.testcases.MembershipEditVerify -->
