<?xml version="1.0" encoding="UTF-8"?>
<!-- Generated by org.testng.reporters.JUnitReportReporter -->
<testsuite hostname="G10GNLT049" name="com.dynamicUsgbc.testcases.ProductAdminPageErrorVerifyTest" tests="1" failures="0" timestamp="2 Feb 2018 11:36:42 GMT" time="16.644" errors="0">
  <testcase name="ProductAdminPageErrorVerify" time="16.644" classname="com.dynamicUsgbc.testcases.ProductAdminPageErrorVerifyTest"/>
</testsuite> <!-- com.dynamicUsgbc.testcases.ProductAdminPageErrorVerifyTest -->
