<?xml version="1.0" encoding="UTF-8"?>
<!-- Generated by org.testng.reporters.JUnitReportReporter -->
<testsuite hostname="G10GNLT049" name="com.dynamicUsgbc.testcases.DonationOnlineHaitiTest" tests="1" failures="0" timestamp="7 Feb 2018 04:57:34 GMT" time="25.880" errors="0">
  <testcase name="DonationOnlineHaiti" time="25.880" classname="com.dynamicUsgbc.testcases.DonationOnlineHaitiTest"/>
</testsuite> <!-- com.dynamicUsgbc.testcases.DonationOnlineHaitiTest -->
