<?xml version="1.0" encoding="UTF-8"?>
<!-- Generated by org.testng.reporters.JUnitReportReporter -->
<testsuite hostname="G10GNLT049" name="com.dynamicUsgbc.testcases.StoreContactPageErrorVerifyTest" tests="1" failures="0" timestamp="2 Feb 2018 11:36:42 GMT" time="24.346" errors="0">
  <testcase name="StorePageErrorVerify" time="24.346" classname="com.dynamicUsgbc.testcases.StoreContactPageErrorVerifyTest"/>
</testsuite> <!-- com.dynamicUsgbc.testcases.StoreContactPageErrorVerifyTest -->
