<?xml version="1.0" encoding="UTF-8"?>
<!-- Generated by org.testng.reporters.JUnitReportReporter -->
<testsuite hostname="G10GNLT049" name="com.dynamicUsgbc.testcases.NewUserRegistrationTest" tests="1" failures="0" timestamp="7 Feb 2018 04:47:24 GMT" time="15.082" errors="0">
  <testcase name="CommunityRegistrationFlowByCheck" time="15.082" classname="com.dynamicUsgbc.testcases.NewUserRegistrationTest"/>
</testsuite> <!-- com.dynamicUsgbc.testcases.NewUserRegistrationTest -->
