<?xml version="1.0" encoding="UTF-8"?>
<!-- Generated by org.testng.reporters.JUnitReportReporter -->
<testsuite hostname="G10GNLT049" name="com.dynamicUsgbc.testcases.DonationOnlineMyGreenAppleTest" tests="1" failures="0" timestamp="7 Feb 2018 04:57:34 GMT" time="25.934" errors="0">
  <testcase name="DonationOnlineMyGreenApple" time="25.934" classname="com.dynamicUsgbc.testcases.DonationOnlineMyGreenAppleTest"/>
</testsuite> <!-- com.dynamicUsgbc.testcases.DonationOnlineMyGreenAppleTest -->
