<?xml version="1.0" encoding="UTF-8"?>
<!-- Generated by org.testng.reporters.JUnitReportReporter -->
<testsuite hostname="G10GNLT049" name="com.usgbc.testcases.LandingPage.USGBCHeaderLinkResourcesTest" tests="1" failures="0" timestamp="18 Dec 2017 17:42:37 GMT" time="14.338" errors="0">
  <testcase name="USGBCHeaderLinkResources" time="14.338" classname="com.usgbc.testcases.LandingPage.USGBCHeaderLinkResourcesTest"/>
</testsuite> <!-- com.usgbc.testcases.LandingPage.USGBCHeaderLinkResourcesTest -->
