<?xml version="1.0" encoding="UTF-8"?>
<!-- Generated by org.testng.reporters.JUnitReportReporter -->
<testsuite hostname="G10GNLT049" name="com.dynamicUsgbc.testcases.DonationPaymentPageErrorVerifyTest" tests="1" failures="0" timestamp="2 Feb 2018 11:36:43 GMT" time="20.670" errors="0">
  <testcase name="DonationOnlinePayementPageError" time="20.670" classname="com.dynamicUsgbc.testcases.DonationPaymentPageErrorVerifyTest"/>
</testsuite> <!-- com.dynamicUsgbc.testcases.DonationPaymentPageErrorVerifyTest -->
