<?xml version="1.0" encoding="UTF-8"?>
<!-- Generated by org.testng.reporters.JUnitReportReporter -->
<testsuite hostname="G10GNLT049" name="com.usgbc.testcases.LandingPage.USGBCHeaderLinkAccountTest" tests="1" failures="0" timestamp="19 Dec 2017 04:53:09 GMT" time="6.866" errors="0">
  <testcase name="USGBCHeaderLinkAccount" time="6.866" classname="com.usgbc.testcases.LandingPage.USGBCHeaderLinkAccountTest"/>
</testsuite> <!-- com.usgbc.testcases.LandingPage.USGBCHeaderLinkAccountTest -->
