<?xml version="1.0" encoding="UTF-8"?>
<!-- Generated by org.testng.reporters.JUnitReportReporter -->
<testsuite hostname="ARJUNS" name="com.dynamicUsgbc.testcases.DonationHaiti" tests="1" failures="0" timestamp="18 May 2018 19:02:55 GMT" time="19.765" errors="0">
  <testcase name="DonationHaitiFlow" time="19.765" classname="com.dynamicUsgbc.testcases.DonationHaiti"/>
</testsuite> <!-- com.dynamicUsgbc.testcases.DonationHaiti -->
