<?xml version="1.0" encoding="UTF-8"?>
<!-- Generated by org.testng.reporters.JUnitReportReporter -->
<testsuite hostname="G10GNLT049" name="com.dynamicUsgbc.testcases.StorePageErrorVerifyTest" tests="1" failures="0" timestamp="22 Jan 2018 11:00:02 GMT" time="27.946" errors="0">
  <testcase name="StorePageErrorVerify" time="27.946" classname="com.dynamicUsgbc.testcases.StorePageErrorVerifyTest"/>
</testsuite> <!-- com.dynamicUsgbc.testcases.StorePageErrorVerifyTest -->
