<?xml version="1.0" encoding="UTF-8"?>
<!-- Generated by org.testng.reporters.JUnitReportReporter -->
<testsuite hostname="G10GNLT049" name="com.dynamicUsgbc.testcases.CommunityLoginPageErrorVerifyTest" tests="1" failures="0" timestamp="2 Feb 2018 11:36:42 GMT" time="34.078" errors="0">
  <testcase name="CommunityLoginPageErrorVerify" time="34.078" classname="com.dynamicUsgbc.testcases.CommunityLoginPageErrorVerifyTest"/>
</testsuite> <!-- com.dynamicUsgbc.testcases.CommunityLoginPageErrorVerifyTest -->
