<?xml version="1.0" encoding="UTF-8"?>
<!-- Generated by org.testng.reporters.JUnitReportReporter -->
<testsuite hostname="G10GNLT049" name="com.dynamicUsgbc.testcases.MembershipSignUpErrorVerifyTest" tests="1" failures="0" timestamp="2 Feb 2018 11:36:42 GMT" time="15.398" errors="0">
  <testcase name="MembershipSignUpPageErrorVerify" time="15.398" classname="com.dynamicUsgbc.testcases.MembershipSignUpErrorVerifyTest"/>
</testsuite> <!-- com.dynamicUsgbc.testcases.MembershipSignUpErrorVerifyTest -->
