<?xml version="1.0" encoding="UTF-8"?>
<!-- Generated by org.testng.reporters.JUnitReportReporter -->
<testsuite hostname="ARJUNS" name="com.dynamicUsgbc.testcases.DonationGreenCouncil" tests="1" failures="0" timestamp="18 May 2018 19:15:51 GMT" time="20.059" errors="0">
  <testcase name="donationGreenCouncilFlow" time="20.059" classname="com.dynamicUsgbc.testcases.DonationGreenCouncil"/>
</testsuite> <!-- com.dynamicUsgbc.testcases.DonationGreenCouncil -->
