<?xml version="1.0" encoding="UTF-8"?>
<!-- Generated by org.testng.reporters.JUnitReportReporter -->
<testsuite hostname="G10GNLT049" name="com.usgbc.testcases.LandingPage.USGBCHeaderLinkJoinTest" tests="1" failures="0" timestamp="18 Dec 2017 17:42:37 GMT" time="11.233" errors="0">
  <testcase name="USGBCHeaderLinkJoin" time="11.233" classname="com.usgbc.testcases.LandingPage.USGBCHeaderLinkJoinTest"/>
</testsuite> <!-- com.usgbc.testcases.LandingPage.USGBCHeaderLinkJoinTest -->
