<?xml version="1.0" encoding="UTF-8"?>
<!-- Generated by org.testng.reporters.JUnitReportReporter -->
<testsuite hostname="G10GNLT049" name="com.dynamicUsgbc.testcases.DonationOnlineCfgsTest" tests="1" failures="0" timestamp="7 Feb 2018 04:57:34 GMT" time="36.711" errors="0">
  <testcase name="DonationOnlineCfgs" time="36.711" classname="com.dynamicUsgbc.testcases.DonationOnlineCfgsTest"/>
</testsuite> <!-- com.dynamicUsgbc.testcases.DonationOnlineCfgsTest -->
