<?xml version="1.0" encoding="UTF-8"?>
<!-- Generated by org.testng.reporters.JUnitReportReporter -->
<testsuite hostname="G10GNLT049" name="com.dynamicUsgbc.testcases.MembershipPaymentPageErrorVerifyTest" tests="1" failures="0" timestamp="2 Feb 2018 11:36:43 GMT" time="40.878" errors="0">
  <testcase name="MembershipPaymentPageErrorVerify" time="40.878" classname="com.dynamicUsgbc.testcases.MembershipPaymentPageErrorVerifyTest"/>
</testsuite> <!-- com.dynamicUsgbc.testcases.MembershipPaymentPageErrorVerifyTest -->
