<?xml version="1.0" encoding="UTF-8"?>
<!-- Generated by org.testng.reporters.JUnitReportReporter -->
<testsuite hostname="ARJUNS" name="com.dynamicUsgbc.testcases.ProductRegistration" tests="1" failures="0" timestamp="18 May 2018 02:03:44 GMT" time="2.772" errors="0">
  <testcase name="ProductRegistrationFlow" time="2.772" classname="com.dynamicUsgbc.testcases.ProductRegistration"/>
</testsuite> <!-- com.dynamicUsgbc.testcases.ProductRegistration -->
