<?xml version="1.0" encoding="UTF-8"?>
<!-- Generated by org.testng.reporters.JUnitReportReporter -->
<testsuite hostname="G10GNLT049" name="com.dynamicUsgbc.testcases.MembershipRegistrationErrorVerifyTest" tests="1" failures="0" timestamp="2 Feb 2018 11:36:42 GMT" time="27.657" errors="0">
  <testcase name="MembershipRegistrationPageErrorVerify" time="27.657" classname="com.dynamicUsgbc.testcases.MembershipRegistrationErrorVerifyTest"/>
</testsuite> <!-- com.dynamicUsgbc.testcases.MembershipRegistrationErrorVerifyTest -->
