<?xml version="1.0" encoding="UTF-8"?>
<!-- Generated by org.testng.reporters.JUnitReportReporter -->
<testsuite hostname="G10GNLT049" name="com.dynamicUsgbc.testcases.SponsorshipPaymentPageErrorVerifyTest" tests="1" failures="0" timestamp="2 Feb 2018 11:36:42 GMT" time="30.072" errors="0">
  <testcase name="SponsorshipPaymentPageErrorVerify" time="30.072" classname="com.dynamicUsgbc.testcases.SponsorshipPaymentPageErrorVerifyTest"/>
</testsuite> <!-- com.dynamicUsgbc.testcases.SponsorshipPaymentPageErrorVerifyTest -->
