<?xml version="1.0" encoding="UTF-8"?>
<!-- Generated by org.testng.reporters.JUnitReportReporter -->
<testsuite hostname="G10GNLT049" name="com.dynamicUsgbc.testcases.StorePaymentPageErrorVerifyTest" tests="1" failures="0" timestamp="2 Feb 2018 11:36:42 GMT" time="41.826" errors="0">
  <testcase name="StorePaymentPageErrorVerify" time="41.826" classname="com.dynamicUsgbc.testcases.StorePaymentPageErrorVerifyTest"/>
</testsuite> <!-- com.dynamicUsgbc.testcases.StorePaymentPageErrorVerifyTest -->
