<?xml version="1.0" encoding="UTF-8"?>
<!-- Generated by org.testng.reporters.JUnitReportReporter -->
<testsuite hostname="G10GNLT049" name="com.dynamicUsgbc.testcases.SponsorshipRegistrationErrorVerifyTest" tests="1" failures="0" timestamp="2 Feb 2018 11:36:42 GMT" time="9.395" errors="0">
  <testcase name="SponsorshipRegistrationErrorVerify" time="9.395" classname="com.dynamicUsgbc.testcases.SponsorshipRegistrationErrorVerifyTest"/>
</testsuite> <!-- com.dynamicUsgbc.testcases.SponsorshipRegistrationErrorVerifyTest -->
