<?xml version="1.0" encoding="UTF-8"?>
<!-- Generated by org.testng.reporters.JUnitReportReporter -->
<testsuite hostname="G10GNLT049" name="com.dynamicUsgbc.testcases.MembershipRegistrationFlowByCheckTest" tests="1" failures="0" timestamp="23 Jan 2018 05:44:35 GMT" time="54.708" errors="0">
  <testcase name="MembershipRegistrationFlowByCheck" time="54.708" classname="com.dynamicUsgbc.testcases.MembershipRegistrationFlowByCheckTest"/>
</testsuite> <!-- com.dynamicUsgbc.testcases.MembershipRegistrationFlowByCheckTest -->
