<?xml version="1.0" encoding="UTF-8"?>
<!-- Generated by org.testng.reporters.JUnitReportReporter -->
<testsuite hostname="G10GNLT049" name="com.dynamicUsgbc.testcases.ProductAdminFlowTest" tests="1" failures="0" timestamp="2 Feb 2018 11:36:42 GMT" time="37.043" errors="0">
  <testcase name="ProductAdminFlow" time="37.043" classname="com.dynamicUsgbc.testcases.ProductAdminFlowTest"/>
</testsuite> <!-- com.dynamicUsgbc.testcases.ProductAdminFlowTest -->
