<?xml version="1.0" encoding="UTF-8"?>
<!-- Generated by org.testng.reporters.JUnitReportReporter -->
<testsuite hostname="G10GNLT049" name="com.usgbc.testcases.LandingPage.USGBCHeaderLinkDirectoryTest" tests="1" failures="0" timestamp="18 Dec 2017 17:42:37 GMT" time="13.614" errors="0">
  <testcase name="USGBCHeaderLinkDirectory" time="13.614" classname="com.usgbc.testcases.LandingPage.USGBCHeaderLinkDirectoryTest"/>
</testsuite> <!-- com.usgbc.testcases.LandingPage.USGBCHeaderLinkDirectoryTest -->
