<?xml version="1.0" encoding="UTF-8"?>
<!-- Generated by org.testng.reporters.JUnitReportReporter -->
<testsuite hostname="G10GNLT049" name="com.dynamicUsgbc.testcases.CommunityRegistrationFlowByCheckTest" tests="1" failures="0" timestamp="2 Feb 2018 09:19:48 GMT" time="42.173" errors="0">
  <testcase name="CommunityRegistrationFlowByCheck" time="42.173" classname="com.dynamicUsgbc.testcases.CommunityRegistrationFlowByCheckTest"/>
</testsuite> <!-- com.dynamicUsgbc.testcases.CommunityRegistrationFlowByCheckTest -->
