<?xml version="1.0" encoding="UTF-8"?>
<!-- Generated by org.testng.reporters.JUnitReportReporter -->
<testsuite hostname="ARJUNS" name="com.dynamicUsgbc.testcases.ExamRegistration" tests="1" failures="0" timestamp="17 May 2018 21:32:13 GMT" time="6.783" errors="0">
  <testcase name="ExamRegistrationFlow" time="6.783" classname="com.dynamicUsgbc.testcases.ExamRegistration"/>
</testsuite> <!-- com.dynamicUsgbc.testcases.ExamRegistration -->
